<?xml version="1.0" encoding="UTF-8"?>
<testsuite name="com.pichincha.spfmsaapexcoreservice.controller.TransactionControllerTest" tests="3" skipped="0" failures="0" errors="0" timestamp="2025-10-22T02:55:21.836Z" hostname="DESKTOP-58RNR6C" time="0.118">
  <properties/>
  <testcase name="createTransaction_Withdrawal_ShouldReturnCreatedTransaction()" classname="com.pichincha.spfmsaapexcoreservice.controller.TransactionControllerTest" time="0.078"/>
  <testcase name="createTransaction_InsufficientBalance_ShouldReturnBadRequest()" classname="com.pichincha.spfmsaapexcoreservice.controller.TransactionControllerTest" time="0.026"/>
  <testcase name="createTransaction_Deposit_ShouldReturnCreatedTransaction()" classname="com.pichincha.spfmsaapexcoreservice.controller.TransactionControllerTest" time="0.012"/>
  <system-out><![CDATA[
  .   ____          _            __ _ _
 /\\ / ___'_ __ _ _(_)_ __  __ _ \ \ \ \
( ( )\___ | '_ | '_| | '_ \/ _` | \ \ \ \
 \\/  ___)| |_)| | | | | || (_| |  ) ) ) )
  '  |____| .__|_| |_|_| |_\__, | / / / /
 =========|_|==============|___/=/_/_/_/

 :: Spring Boot ::                (v3.5.6)

2025-10-21 21:55:20 - Starting TransactionControllerTest using Java 21.0.7 with PID 15160 (started by jefferson in C:\Users\jefferson\Documents\GitHub\PROYECTO-BANCO-NEXUS\spf-msa-apex-core-service)
2025-10-21 21:55:20 - No active profile set, falling back to 1 default profile: "default"
2025-10-21 21:55:21 - HikariPool-2 - Starting...
2025-10-21 21:55:21 - HikariPool-2 - Added connection org.postgresql.jdbc.PgConnection@42ed51fb
2025-10-21 21:55:21 - HikariPool-2 - Start completed.
2025-10-21 21:55:21 - HHH90000025: PostgreSQLDialect does not need to be specified explicitly using 'hibernate.dialect' (remove the property setting and it will be selected by default)
2025-10-21 21:55:21 - spring.jpa.open-in-view is enabled by default. Therefore, database queries may be performed during view rendering. Explicitly configure spring.jpa.open-in-view to disable this warning
2025-10-21 21:55:21 - Started TransactionControllerTest in 0.891 seconds (process running for 12.83)
2025-10-21 21:55:21 - Creating transaction of type: WITHDRAWAL with amount: 575.0
2025-10-21 21:55:21 - Transaction created successfully with ID: 2
2025-10-21 21:55:21 - Creating transaction of type: WITHDRAWAL with amount: 3000.0
2025-10-21 21:55:21 - Creating transaction of type: DEPOSIT with amount: 575.0
2025-10-21 21:55:21 - Transaction created successfully with ID: 1
]]></system-out>
  <system-err><![CDATA[]]></system-err>
</testsuite>
