<?xml version="1.0" encoding="UTF-8"?>
<testsuite name="com.pichincha.spfmsaapexcoreservice.service.impl.TransactionServiceImplTest" tests="11" skipped="0" failures="0" errors="0" timestamp="2025-10-21T18:27:27.370Z" hostname="DESKTOP-58RNR6C" time="0.548">
  <properties/>
  <testcase name="createTransaction_Withdrawal_ShouldDecreaseBalance()" classname="com.pichincha.spfmsaapexcoreservice.service.impl.TransactionServiceImplTest" time="0.485"/>
  <testcase name="deleteTransaction_ShouldRecalculateSubsequentBalances()" classname="com.pichincha.spfmsaapexcoreservice.service.impl.TransactionServiceImplTest" time="0.007"/>
  <testcase name="createTransaction_WithNullAccount_ShouldThrowException()" classname="com.pichincha.spfmsaapexcoreservice.service.impl.TransactionServiceImplTest" time="0.006"/>
  <testcase name="findTransactionById_WithExistingId_ShouldReturnTransaction()" classname="com.pichincha.spfmsaapexcoreservice.service.impl.TransactionServiceImplTest" time="0.006"/>
  <testcase name="createTransaction_WithInsufficientBalance_ShouldThrowException()" classname="com.pichincha.spfmsaapexcoreservice.service.impl.TransactionServiceImplTest" time="0.004"/>
  <testcase name="createTransaction_Deposit_ShouldIncreaseBalance()" classname="com.pichincha.spfmsaapexcoreservice.service.impl.TransactionServiceImplTest" time="0.003"/>
  <testcase name="updateTransaction_ShouldRecalculateSubsequentBalances()" classname="com.pichincha.spfmsaapexcoreservice.service.impl.TransactionServiceImplTest" time="0.003"/>
  <testcase name="getAllTransactions_ShouldReturnAllTransactions()" classname="com.pichincha.spfmsaapexcoreservice.service.impl.TransactionServiceImplTest" time="0.015"/>
  <testcase name="findTransactionById_WithNonExistingId_ShouldReturnEmpty()" classname="com.pichincha.spfmsaapexcoreservice.service.impl.TransactionServiceImplTest" time="0.004"/>
  <testcase name="createTransaction_WithNonExistentAccount_ShouldThrowException()" classname="com.pichincha.spfmsaapexcoreservice.service.impl.TransactionServiceImplTest" time="0.006"/>
  <testcase name="createTransaction_WithPreviousTransactions_ShouldCalculateCorrectBalance()" classname="com.pichincha.spfmsaapexcoreservice.service.impl.TransactionServiceImplTest" time="0.003"/>
  <system-out><![CDATA[2025-10-21T13:27:27.867-05:00 ERROR 20756 --- [spf-msa-apex-core-service] [    Test worker] c.p.s.s.impl.TransactionServiceImpl      : Account is required for transaction
2025-10-21T13:27:27.879-05:00 ERROR 20756 --- [spf-msa-apex-core-service] [    Test worker] c.p.s.s.impl.TransactionServiceImpl      : Insufficient balance. Current: 1000.0, Withdrawal: -1500.0, Result: -500.0
2025-10-21T13:27:27.912-05:00 ERROR 20756 --- [spf-msa-apex-core-service] [    Test worker] c.p.s.s.impl.TransactionServiceImpl      : Account not found with ID: 1
]]></system-out>
  <system-err><![CDATA[]]></system-err>
</testsuite>
