<?xml version="1.0" encoding="UTF-8"?>
<testsuite name="com.pichincha.spfmsaapexcoreservice.controller.TransactionControllerTest" tests="3" skipped="0" failures="0" errors="0" timestamp="2025-10-21T18:27:27.190Z" hostname="DESKTOP-58RNR6C" time="0.171">
  <properties/>
  <testcase name="createTransaction_Withdrawal_ShouldReturnCreatedTransaction()" classname="com.pichincha.spfmsaapexcoreservice.controller.TransactionControllerTest" time="0.11"/>
  <testcase name="createTransaction_InsufficientBalance_ShouldReturnBadRequest()" classname="com.pichincha.spfmsaapexcoreservice.controller.TransactionControllerTest" time="0.041"/>
  <testcase name="createTransaction_Deposit_ShouldReturnCreatedTransaction()" classname="com.pichincha.spfmsaapexcoreservice.controller.TransactionControllerTest" time="0.017"/>
  <system-out><![CDATA[
  .   ____          _            __ _ _
 /\\ / ___'_ __ _ _(_)_ __  __ _ \ \ \ \
( ( )\___ | '_ | '_| | '_ \/ _` | \ \ \ \
 \\/  ___)| |_)| | | | | || (_| |  ) ) ) )
  '  |____| .__|_| |_|_| |_\__, | / / / /
 =========|_|==============|___/=/_/_/_/

 :: Spring Boot ::                (v3.5.6)

2025-10-21T13:27:26.693-05:00  INFO 20756 --- [spf-msa-apex-core-service] [    Test worker] com.zaxxer.hikari.HikariDataSource       : HikariPool-2 - Starting...
2025-10-21T13:27:26.694-05:00  INFO 20756 --- [spf-msa-apex-core-service] [    Test worker] com.zaxxer.hikari.pool.HikariPool        : HikariPool-2 - Added connection conn10: url=jdbc:h2:mem:testdb user=SA
2025-10-21T13:27:26.694-05:00  INFO 20756 --- [spf-msa-apex-core-service] [    Test worker] com.zaxxer.hikari.HikariDataSource       : HikariPool-2 - Start completed.
]]></system-out>
  <system-err><![CDATA[]]></system-err>
</testsuite>
